Time resolution is 1 ps
----------------------------------------
----------------Stage 1-----------------
--------- ALU Simulation Begin ---------
----------------------------------------
----------------------------------------
-------- ALU Simulation Success --------
----------------------------------------
----------------------------------------
--------- ALU Simulation  End  ---------
----------------------------------------

----------------------------------------
----------------Stage 2-----------------
----- Comparater Simulation Begin -----
----------------------------------------
----------------------------------------
---- Comparater Simulation Success -----
----------------------------------------
----------------------------------------
------ Comparater Simulation End -------
----------------------------------------

----------------Stage 3-----------------
----------------------------------------
----- 2-input MAS Simulation Begin -----
----------------------------------------
----------------------------------------
---- 2-input MAS Simulation Success ----
----------------------------------------
----------------------------------------
------ 2-input MAS Simulation End ------
----------------------------------------

#                                            /|__/|
####################################       / O,O  |
###            Pass!             ###     /_____   |
####################################    /^ ^ ^ \  |
#                                      |^ ^ ^ ^ |w|
#                                       \m___m__|_|
$finish called at time : 3007500 ps : File "C:/Users/An/Desktop/數位IC設計/HW1/ref/tb.v" Line 167
